running develop
Removing /home/arrgusr/ROS2Dev/nodos_topics_ws/install/nodes_topics_py/lib/python3.12/site-packages/nodes-topics-py.egg-link (link to .)
running egg_info
writing ../build/nodes_topics_py/nodes_topics_py.egg-info/PKG-INFO
writing dependency_links to ../build/nodes_topics_py/nodes_topics_py.egg-info/dependency_links.txt
writing entry points to ../build/nodes_topics_py/nodes_topics_py.egg-info/entry_points.txt
writing requirements to ../build/nodes_topics_py/nodes_topics_py.egg-info/requires.txt
writing top-level names to ../build/nodes_topics_py/nodes_topics_py.egg-info/top_level.txt
reading manifest file '../build/nodes_topics_py/nodes_topics_py.egg-info/SOURCES.txt'
adding license file 'LICENSE'
writing manifest file '../build/nodes_topics_py/nodes_topics_py.egg-info/SOURCES.txt'
running build
running build_py
creating /home/arrgusr/ROS2Dev/nodos_topics_ws/build/nodes_topics_py/build
creating /home/arrgusr/ROS2Dev/nodos_topics_ws/build/nodes_topics_py/build/lib
creating /home/arrgusr/ROS2Dev/nodos_topics_ws/build/nodes_topics_py/build/lib/nodes_topics_py
copying nodes_topics_py/__init__.py -> /home/arrgusr/ROS2Dev/nodos_topics_ws/build/nodes_topics_py/build/lib/nodes_topics_py
copying nodes_topics_py/control_man_mov.py -> /home/arrgusr/ROS2Dev/nodos_topics_ws/build/nodes_topics_py/build/lib/nodes_topics_py
copying nodes_topics_py/mi_primer_nodo.py -> /home/arrgusr/ROS2Dev/nodos_topics_ws/build/nodes_topics_py/build/lib/nodes_topics_py
copying nodes_topics_py/publish_node.py -> /home/arrgusr/ROS2Dev/nodos_topics_ws/build/nodes_topics_py/build/lib/nodes_topics_py
copying nodes_topics_py/sub_node.py -> /home/arrgusr/ROS2Dev/nodos_topics_ws/build/nodes_topics_py/build/lib/nodes_topics_py
running install
running install_lib
creating /home/arrgusr/ROS2Dev/nodos_topics_ws/install/nodes_topics_py/lib/python3.12/site-packages/nodes_topics_py
copying /home/arrgusr/ROS2Dev/nodos_topics_ws/build/nodes_topics_py/build/lib/nodes_topics_py/__init__.py -> /home/arrgusr/ROS2Dev/nodos_topics_ws/install/nodes_topics_py/lib/python3.12/site-packages/nodes_topics_py
copying /home/arrgusr/ROS2Dev/nodos_topics_ws/build/nodes_topics_py/build/lib/nodes_topics_py/control_man_mov.py -> /home/arrgusr/ROS2Dev/nodos_topics_ws/install/nodes_topics_py/lib/python3.12/site-packages/nodes_topics_py
copying /home/arrgusr/ROS2Dev/nodos_topics_ws/build/nodes_topics_py/build/lib/nodes_topics_py/mi_primer_nodo.py -> /home/arrgusr/ROS2Dev/nodos_topics_ws/install/nodes_topics_py/lib/python3.12/site-packages/nodes_topics_py
copying /home/arrgusr/ROS2Dev/nodos_topics_ws/build/nodes_topics_py/build/lib/nodes_topics_py/publish_node.py -> /home/arrgusr/ROS2Dev/nodos_topics_ws/install/nodes_topics_py/lib/python3.12/site-packages/nodes_topics_py
copying /home/arrgusr/ROS2Dev/nodos_topics_ws/build/nodes_topics_py/build/lib/nodes_topics_py/sub_node.py -> /home/arrgusr/ROS2Dev/nodos_topics_ws/install/nodes_topics_py/lib/python3.12/site-packages/nodes_topics_py
byte-compiling /home/arrgusr/ROS2Dev/nodos_topics_ws/install/nodes_topics_py/lib/python3.12/site-packages/nodes_topics_py/__init__.py to __init__.cpython-312.pyc
byte-compiling /home/arrgusr/ROS2Dev/nodos_topics_ws/install/nodes_topics_py/lib/python3.12/site-packages/nodes_topics_py/control_man_mov.py to control_man_mov.cpython-312.pyc
byte-compiling /home/arrgusr/ROS2Dev/nodos_topics_ws/install/nodes_topics_py/lib/python3.12/site-packages/nodes_topics_py/mi_primer_nodo.py to mi_primer_nodo.cpython-312.pyc
byte-compiling /home/arrgusr/ROS2Dev/nodos_topics_ws/install/nodes_topics_py/lib/python3.12/site-packages/nodes_topics_py/publish_node.py to publish_node.cpython-312.pyc
byte-compiling /home/arrgusr/ROS2Dev/nodos_topics_ws/install/nodes_topics_py/lib/python3.12/site-packages/nodes_topics_py/sub_node.py to sub_node.cpython-312.pyc
running install_data
copying resource/nodes_topics_py -> /home/arrgusr/ROS2Dev/nodos_topics_ws/install/nodes_topics_py/share/ament_index/resource_index/packages
copying package.xml -> /home/arrgusr/ROS2Dev/nodos_topics_ws/install/nodes_topics_py/share/nodes_topics_py
running install_egg_info
Copying ../build/nodes_topics_py/nodes_topics_py.egg-info to /home/arrgusr/ROS2Dev/nodos_topics_ws/install/nodes_topics_py/lib/python3.12/site-packages/nodes_topics_py-0.0.0-py3.12.egg-info
running install_scripts
Installing control_man_mov_py script to /home/arrgusr/ROS2Dev/nodos_topics_ws/install/nodes_topics_py/lib/nodes_topics_py
Installing my_node_py script to /home/arrgusr/ROS2Dev/nodos_topics_ws/install/nodes_topics_py/lib/nodes_topics_py
Installing publish2_node_py script to /home/arrgusr/ROS2Dev/nodos_topics_ws/install/nodes_topics_py/lib/nodes_topics_py
Installing subcriber_node_py script to /home/arrgusr/ROS2Dev/nodos_topics_ws/install/nodes_topics_py/lib/nodes_topics_py
writing list of installed files to '/home/arrgusr/ROS2Dev/nodos_topics_ws/build/nodes_topics_py/install.log'
