[2.256s] Invoking command in '/home/arrgusr/ROS2Dev/nodos_topics_ws/src': DEBUGINFOD_URLS=https://debuginfod.ubuntu.com PYTHONPATH=/home/arrgusr/ROS2Dev/nodos_topics_ws/build/nodes_topics_py/prefix_override:/usr/lib/python3/dist-packages/colcon_core/task/python/colcon_distutils_commands:/home/arrgusr/ROS2Dev/nodos_topics_ws/install/nodes_topics_py/lib/python3.12/site-packages:${PYTHONPATH} /usr/bin/python3 -W ignore:setup.py install is deprecated -W ignore:easy_install command is deprecated setup.py egg_info --egg-base ../build/nodes_topics_py build --build-base /home/arrgusr/ROS2Dev/nodos_topics_ws/build/nodes_topics_py/build install --record /home/arrgusr/ROS2Dev/nodos_topics_ws/build/nodes_topics_py/install.log --single-version-externally-managed install_data
[2.978s] running egg_info
[3.056s] writing ../build/nodes_topics_py/nodes_topics_py.egg-info/PKG-INFO
[3.056s] writing dependency_links to ../build/nodes_topics_py/nodes_topics_py.egg-info/dependency_links.txt
[3.058s] writing entry points to ../build/nodes_topics_py/nodes_topics_py.egg-info/entry_points.txt
[3.058s] writing requirements to ../build/nodes_topics_py/nodes_topics_py.egg-info/requires.txt
[3.059s] writing top-level names to ../build/nodes_topics_py/nodes_topics_py.egg-info/top_level.txt
[3.180s] reading manifest file '../build/nodes_topics_py/nodes_topics_py.egg-info/SOURCES.txt'
[3.180s] adding license file 'LICENSE'
[3.180s] writing manifest file '../build/nodes_topics_py/nodes_topics_py.egg-info/SOURCES.txt'
[3.181s] running build
[3.181s] running build_py
[3.181s] copying nodes_topics_py/control_man_mov.py -> /home/arrgusr/ROS2Dev/nodos_topics_ws/build/nodes_topics_py/build/lib/nodes_topics_py
[3.181s] running install
[3.197s] running install_lib
[3.266s] copying /home/arrgusr/ROS2Dev/nodos_topics_ws/build/nodes_topics_py/build/lib/nodes_topics_py/control_man_mov.py -> /home/arrgusr/ROS2Dev/nodos_topics_ws/install/nodes_topics_py/lib/python3.12/site-packages/nodes_topics_py
[3.272s] byte-compiling /home/arrgusr/ROS2Dev/nodos_topics_ws/install/nodes_topics_py/lib/python3.12/site-packages/nodes_topics_py/control_man_mov.py to control_man_mov.cpython-312.pyc
[3.275s] running install_data
[3.276s] running install_egg_info
[3.346s] removing '/home/arrgusr/ROS2Dev/nodos_topics_ws/install/nodes_topics_py/lib/python3.12/site-packages/nodes_topics_py-0.0.0-py3.12.egg-info' (and everything under it)
[3.346s] Copying ../build/nodes_topics_py/nodes_topics_py.egg-info to /home/arrgusr/ROS2Dev/nodos_topics_ws/install/nodes_topics_py/lib/python3.12/site-packages/nodes_topics_py-0.0.0-py3.12.egg-info
[3.352s] running install_scripts
[3.713s] Installing control_man_mov_py script to /home/arrgusr/ROS2Dev/nodos_topics_ws/install/nodes_topics_py/lib/nodes_topics_py
[3.714s] Installing my_node_py script to /home/arrgusr/ROS2Dev/nodos_topics_ws/install/nodes_topics_py/lib/nodes_topics_py
[3.714s] Installing publish2_node_py script to /home/arrgusr/ROS2Dev/nodos_topics_ws/install/nodes_topics_py/lib/nodes_topics_py
[3.714s] Installing subcriber_node_py script to /home/arrgusr/ROS2Dev/nodos_topics_ws/install/nodes_topics_py/lib/nodes_topics_py
[3.715s] writing list of installed files to '/home/arrgusr/ROS2Dev/nodos_topics_ws/build/nodes_topics_py/install.log'
[3.814s] Invoked command in '/home/arrgusr/ROS2Dev/nodos_topics_ws/src' returned '0': DEBUGINFOD_URLS=https://debuginfod.ubuntu.com PYTHONPATH=/home/arrgusr/ROS2Dev/nodos_topics_ws/build/nodes_topics_py/prefix_override:/usr/lib/python3/dist-packages/colcon_core/task/python/colcon_distutils_commands:/home/arrgusr/ROS2Dev/nodos_topics_ws/install/nodes_topics_py/lib/python3.12/site-packages:${PYTHONPATH} /usr/bin/python3 -W ignore:setup.py install is deprecated -W ignore:easy_install command is deprecated setup.py egg_info --egg-base ../build/nodes_topics_py build --build-base /home/arrgusr/ROS2Dev/nodos_topics_ws/build/nodes_topics_py/build install --record /home/arrgusr/ROS2Dev/nodos_topics_ws/build/nodes_topics_py/install.log --single-version-externally-managed install_data
