[3.376s] Invoking command in '/home/arrgusr/ROS2Dev/nodos_topics_ws/src': DEBUGINFOD_URLS=https://debuginfod.ubuntu.com PYTHONPATH=/home/arrgusr/ROS2Dev/nodos_topics_ws/build/nodes_topics_py/prefix_override:/usr/lib/python3/dist-packages/colcon_core/task/python/colcon_distutils_commands:/home/arrgusr/ROS2Dev/nodos_topics_ws/install/nodes_topics_py/lib/python3.12/site-packages:${PYTHONPATH} /usr/bin/python3 -W ignore:setup.py install is deprecated -W ignore:easy_install command is deprecated setup.py egg_info --egg-base ../build/nodes_topics_py build --build-base /home/arrgusr/ROS2Dev/nodos_topics_ws/build/nodes_topics_py/build install --record /home/arrgusr/ROS2Dev/nodos_topics_ws/build/nodes_topics_py/install.log --single-version-externally-managed install_data
[4.415s] running egg_info
[4.455s] writing ../build/nodes_topics_py/nodes_topics_py.egg-info/PKG-INFO
[4.455s] writing dependency_links to ../build/nodes_topics_py/nodes_topics_py.egg-info/dependency_links.txt
[4.456s] writing entry points to ../build/nodes_topics_py/nodes_topics_py.egg-info/entry_points.txt
[4.456s] writing requirements to ../build/nodes_topics_py/nodes_topics_py.egg-info/requires.txt
[4.456s] writing top-level names to ../build/nodes_topics_py/nodes_topics_py.egg-info/top_level.txt
[4.572s] reading manifest file '../build/nodes_topics_py/nodes_topics_py.egg-info/SOURCES.txt'
[4.572s] adding license file 'LICENSE'
[4.574s] writing manifest file '../build/nodes_topics_py/nodes_topics_py.egg-info/SOURCES.txt'
[4.574s] running build
[4.574s] running build_py
[4.576s] running install
[4.588s] running install_lib
[4.624s] running install_data
[4.624s] running install_egg_info
[4.674s] removing '/home/arrgusr/ROS2Dev/nodos_topics_ws/install/nodes_topics_py/lib/python3.12/site-packages/nodes_topics_py-0.0.0-py3.12.egg-info' (and everything under it)
[4.675s] Copying ../build/nodes_topics_py/nodes_topics_py.egg-info to /home/arrgusr/ROS2Dev/nodos_topics_ws/install/nodes_topics_py/lib/python3.12/site-packages/nodes_topics_py-0.0.0-py3.12.egg-info
[4.677s] running install_scripts
[5.105s] Installing control_man_mov_py script to /home/arrgusr/ROS2Dev/nodos_topics_ws/install/nodes_topics_py/lib/nodes_topics_py
[5.105s] Installing my_node_py script to /home/arrgusr/ROS2Dev/nodos_topics_ws/install/nodes_topics_py/lib/nodes_topics_py
[5.105s] Installing publish2_node_py script to /home/arrgusr/ROS2Dev/nodos_topics_ws/install/nodes_topics_py/lib/nodes_topics_py
[5.107s] Installing subcriber_node_py script to /home/arrgusr/ROS2Dev/nodos_topics_ws/install/nodes_topics_py/lib/nodes_topics_py
[5.107s] writing list of installed files to '/home/arrgusr/ROS2Dev/nodos_topics_ws/build/nodes_topics_py/install.log'
[5.183s] Invoked command in '/home/arrgusr/ROS2Dev/nodos_topics_ws/src' returned '0': DEBUGINFOD_URLS=https://debuginfod.ubuntu.com PYTHONPATH=/home/arrgusr/ROS2Dev/nodos_topics_ws/build/nodes_topics_py/prefix_override:/usr/lib/python3/dist-packages/colcon_core/task/python/colcon_distutils_commands:/home/arrgusr/ROS2Dev/nodos_topics_ws/install/nodes_topics_py/lib/python3.12/site-packages:${PYTHONPATH} /usr/bin/python3 -W ignore:setup.py install is deprecated -W ignore:easy_install command is deprecated setup.py egg_info --egg-base ../build/nodes_topics_py build --build-base /home/arrgusr/ROS2Dev/nodos_topics_ws/build/nodes_topics_py/build install --record /home/arrgusr/ROS2Dev/nodos_topics_ws/build/nodes_topics_py/install.log --single-version-externally-managed install_data
