[0.018s] Invoking command in '/home/arrgusr/ROS2Dev/movil_robot_ws/build/my_robot_bringup': CMAKE_PREFIX_PATH=${CMAKE_PREFIX_PATH}:/opt/ros/jazzy DEBUGINFOD_URLS=https://debuginfod.ubuntu.com /usr/bin/cmake --build /home/arrgusr/ROS2Dev/movil_robot_ws/build/my_robot_bringup -- -j2 -l2
[0.070s] Invoked command in '/home/arrgusr/ROS2Dev/movil_robot_ws/build/my_robot_bringup' returned '0': CMAKE_PREFIX_PATH=${CMAKE_PREFIX_PATH}:/opt/ros/jazzy DEBUGINFOD_URLS=https://debuginfod.ubuntu.com /usr/bin/cmake --build /home/arrgusr/ROS2Dev/movil_robot_ws/build/my_robot_bringup -- -j2 -l2
[0.081s] Invoking command in '/home/arrgusr/ROS2Dev/movil_robot_ws/build/my_robot_bringup': CMAKE_PREFIX_PATH=${CMAKE_PREFIX_PATH}:/opt/ros/jazzy DEBUGINFOD_URLS=https://debuginfod.ubuntu.com /usr/bin/cmake --install /home/arrgusr/ROS2Dev/movil_robot_ws/build/my_robot_bringup
[0.091s] -- Install configuration: ""
[0.092s] -- Up-to-date: /home/arrgusr/ROS2Dev/movil_robot_ws/install/my_robot_bringup/share/my_robot_bringup//launch
[0.092s] -- Up-to-date: /home/arrgusr/ROS2Dev/movil_robot_ws/install/my_robot_bringup/share/my_robot_bringup//launch/my_robot_gazebo.launch.xml
[0.095s] -- Up-to-date: /home/arrgusr/ROS2Dev/movil_robot_ws/install/my_robot_bringup/share/my_robot_bringup//launch/mi_movile_gz.launch.py
[0.095s] -- Up-to-date: /home/arrgusr/ROS2Dev/movil_robot_ws/install/my_robot_bringup/share/my_robot_bringup//launch/movil_gz.launch.py
[0.095s] -- Up-to-date: /home/arrgusr/ROS2Dev/movil_robot_ws/install/my_robot_bringup/share/my_robot_bringup//config
[0.095s] -- Up-to-date: /home/arrgusr/ROS2Dev/movil_robot_ws/install/my_robot_bringup/share/my_robot_bringup//config/gazebo_bridge.yaml
[0.095s] -- Up-to-date: /home/arrgusr/ROS2Dev/movil_robot_ws/install/my_robot_bringup/share/my_robot_bringup//worlds
[0.095s] -- Up-to-date: /home/arrgusr/ROS2Dev/movil_robot_ws/install/my_robot_bringup/share/my_robot_bringup//worlds/test_world.sdf
[0.096s] -- Up-to-date: /home/arrgusr/ROS2Dev/movil_robot_ws/install/my_robot_bringup/share/ament_index/resource_index/package_run_dependencies/my_robot_bringup
[0.096s] -- Up-to-date: /home/arrgusr/ROS2Dev/movil_robot_ws/install/my_robot_bringup/share/ament_index/resource_index/parent_prefix_path/my_robot_bringup
[0.096s] -- Up-to-date: /home/arrgusr/ROS2Dev/movil_robot_ws/install/my_robot_bringup/share/my_robot_bringup/environment/ament_prefix_path.sh
[0.096s] -- Up-to-date: /home/arrgusr/ROS2Dev/movil_robot_ws/install/my_robot_bringup/share/my_robot_bringup/environment/ament_prefix_path.dsv
[0.096s] -- Up-to-date: /home/arrgusr/ROS2Dev/movil_robot_ws/install/my_robot_bringup/share/my_robot_bringup/environment/path.sh
[0.096s] -- Up-to-date: /home/arrgusr/ROS2Dev/movil_robot_ws/install/my_robot_bringup/share/my_robot_bringup/environment/path.dsv
[0.096s] -- Up-to-date: /home/arrgusr/ROS2Dev/movil_robot_ws/install/my_robot_bringup/share/my_robot_bringup/local_setup.bash
[0.097s] -- Up-to-date: /home/arrgusr/ROS2Dev/movil_robot_ws/install/my_robot_bringup/share/my_robot_bringup/local_setup.sh
[0.097s] -- Up-to-date: /home/arrgusr/ROS2Dev/movil_robot_ws/install/my_robot_bringup/share/my_robot_bringup/local_setup.zsh
[0.097s] -- Up-to-date: /home/arrgusr/ROS2Dev/movil_robot_ws/install/my_robot_bringup/share/my_robot_bringup/local_setup.dsv
[0.097s] -- Up-to-date: /home/arrgusr/ROS2Dev/movil_robot_ws/install/my_robot_bringup/share/my_robot_bringup/package.dsv
[0.097s] -- Up-to-date: /home/arrgusr/ROS2Dev/movil_robot_ws/install/my_robot_bringup/share/ament_index/resource_index/packages/my_robot_bringup
[0.097s] -- Up-to-date: /home/arrgusr/ROS2Dev/movil_robot_ws/install/my_robot_bringup/share/my_robot_bringup/cmake/my_robot_bringupConfig.cmake
[0.097s] -- Up-to-date: /home/arrgusr/ROS2Dev/movil_robot_ws/install/my_robot_bringup/share/my_robot_bringup/cmake/my_robot_bringupConfig-version.cmake
[0.098s] -- Up-to-date: /home/arrgusr/ROS2Dev/movil_robot_ws/install/my_robot_bringup/share/my_robot_bringup/package.xml
[0.099s] Invoked command in '/home/arrgusr/ROS2Dev/movil_robot_ws/build/my_robot_bringup' returned '0': CMAKE_PREFIX_PATH=${CMAKE_PREFIX_PATH}:/opt/ros/jazzy DEBUGINFOD_URLS=https://debuginfod.ubuntu.com /usr/bin/cmake --install /home/arrgusr/ROS2Dev/movil_robot_ws/build/my_robot_bringup
