[0.020s] Invoking command in '/home/arrgusr/ROS2Dev/movil_robot_ws/build/my_robot_bringup': CMAKE_PREFIX_PATH=${CMAKE_PREFIX_PATH}:/opt/ros/jazzy DEBUGINFOD_URLS=https://debuginfod.ubuntu.com /usr/bin/cmake /home/arrgusr/ROS2Dev/movil_robot_ws/src/my_robot_bringup -DCMAKE_INSTALL_PREFIX=/home/arrgusr/ROS2Dev/movil_robot_ws/install/my_robot_bringup
[0.106s] -- The C compiler identification is GNU 13.3.0
[0.180s] -- The CXX compiler identification is GNU 13.3.0
[0.200s] -- Detecting C compiler ABI info
[0.315s] -- Detecting C compiler ABI info - done
[0.336s] -- Check for working C compiler: /usr/bin/cc - skipped
[0.336s] -- Detecting C compile features
[0.337s] -- Detecting C compile features - done
[0.353s] -- Detecting CXX compiler ABI info
[0.468s] -- Detecting CXX compiler ABI info - done
[0.478s] -- Check for working CXX compiler: /usr/bin/c++ - skipped
[0.478s] -- Detecting CXX compile features
[0.478s] -- Detecting CXX compile features - done
[0.483s] -- Found ament_cmake: 2.5.4 (/opt/ros/jazzy/share/ament_cmake/cmake)
[1.165s] -- Found Python3: /home/arrgusr/.pyenv/shims/python3 (found version "3.12.3") found components: Interpreter 
[1.568s] -- Configuring done (1.5s)
[1.574s] -- Generating done (0.0s)
[1.576s] -- Build files have been written to: /home/arrgusr/ROS2Dev/movil_robot_ws/build/my_robot_bringup
[1.582s] Invoked command in '/home/arrgusr/ROS2Dev/movil_robot_ws/build/my_robot_bringup' returned '0': CMAKE_PREFIX_PATH=${CMAKE_PREFIX_PATH}:/opt/ros/jazzy DEBUGINFOD_URLS=https://debuginfod.ubuntu.com /usr/bin/cmake /home/arrgusr/ROS2Dev/movil_robot_ws/src/my_robot_bringup -DCMAKE_INSTALL_PREFIX=/home/arrgusr/ROS2Dev/movil_robot_ws/install/my_robot_bringup
[1.598s] Invoking command in '/home/arrgusr/ROS2Dev/movil_robot_ws/build/my_robot_bringup': CMAKE_PREFIX_PATH=${CMAKE_PREFIX_PATH}:/opt/ros/jazzy DEBUGINFOD_URLS=https://debuginfod.ubuntu.com /usr/bin/cmake --build /home/arrgusr/ROS2Dev/movil_robot_ws/build/my_robot_bringup -- -j2 -l2
[1.646s] Invoked command in '/home/arrgusr/ROS2Dev/movil_robot_ws/build/my_robot_bringup' returned '0': CMAKE_PREFIX_PATH=${CMAKE_PREFIX_PATH}:/opt/ros/jazzy DEBUGINFOD_URLS=https://debuginfod.ubuntu.com /usr/bin/cmake --build /home/arrgusr/ROS2Dev/movil_robot_ws/build/my_robot_bringup -- -j2 -l2
[1.659s] Invoking command in '/home/arrgusr/ROS2Dev/movil_robot_ws/build/my_robot_bringup': CMAKE_PREFIX_PATH=${CMAKE_PREFIX_PATH}:/opt/ros/jazzy DEBUGINFOD_URLS=https://debuginfod.ubuntu.com /usr/bin/cmake --install /home/arrgusr/ROS2Dev/movil_robot_ws/build/my_robot_bringup
[1.670s] -- Install configuration: ""
[1.671s] -- Installing: /home/arrgusr/ROS2Dev/movil_robot_ws/install/my_robot_bringup/share/my_robot_bringup//launch
[1.671s] -- Installing: /home/arrgusr/ROS2Dev/movil_robot_ws/install/my_robot_bringup/share/my_robot_bringup//launch/my_robot_gazebo.launch.xml
[1.671s] -- Installing: /home/arrgusr/ROS2Dev/movil_robot_ws/install/my_robot_bringup/share/my_robot_bringup//launch/mi_movile_gz.launch.py
[1.671s] -- Installing: /home/arrgusr/ROS2Dev/movil_robot_ws/install/my_robot_bringup/share/my_robot_bringup//launch/movil_gz.launch.py
[1.671s] -- Installing: /home/arrgusr/ROS2Dev/movil_robot_ws/install/my_robot_bringup/share/my_robot_bringup//config
[1.671s] -- Installing: /home/arrgusr/ROS2Dev/movil_robot_ws/install/my_robot_bringup/share/my_robot_bringup//config/gazebo_bridge.yaml
[1.671s] -- Installing: /home/arrgusr/ROS2Dev/movil_robot_ws/install/my_robot_bringup/share/my_robot_bringup//worlds
[1.671s] -- Installing: /home/arrgusr/ROS2Dev/movil_robot_ws/install/my_robot_bringup/share/my_robot_bringup//worlds/test_world.sdf
[1.671s] -- Installing: /home/arrgusr/ROS2Dev/movil_robot_ws/install/my_robot_bringup/share/ament_index/resource_index/package_run_dependencies/my_robot_bringup
[1.671s] -- Installing: /home/arrgusr/ROS2Dev/movil_robot_ws/install/my_robot_bringup/share/ament_index/resource_index/parent_prefix_path/my_robot_bringup
[1.671s] -- Installing: /home/arrgusr/ROS2Dev/movil_robot_ws/install/my_robot_bringup/share/my_robot_bringup/environment/ament_prefix_path.sh
[1.671s] -- Installing: /home/arrgusr/ROS2Dev/movil_robot_ws/install/my_robot_bringup/share/my_robot_bringup/environment/ament_prefix_path.dsv
[1.671s] -- Installing: /home/arrgusr/ROS2Dev/movil_robot_ws/install/my_robot_bringup/share/my_robot_bringup/environment/path.sh
[1.672s] -- Installing: /home/arrgusr/ROS2Dev/movil_robot_ws/install/my_robot_bringup/share/my_robot_bringup/environment/path.dsv
[1.672s] -- Installing: /home/arrgusr/ROS2Dev/movil_robot_ws/install/my_robot_bringup/share/my_robot_bringup/local_setup.bash
[1.672s] -- Installing: /home/arrgusr/ROS2Dev/movil_robot_ws/install/my_robot_bringup/share/my_robot_bringup/local_setup.sh
[1.672s] -- Installing: /home/arrgusr/ROS2Dev/movil_robot_ws/install/my_robot_bringup/share/my_robot_bringup/local_setup.zsh
[1.672s] -- Installing: /home/arrgusr/ROS2Dev/movil_robot_ws/install/my_robot_bringup/share/my_robot_bringup/local_setup.dsv
[1.672s] -- Installing: /home/arrgusr/ROS2Dev/movil_robot_ws/install/my_robot_bringup/share/my_robot_bringup/package.dsv
[1.673s] -- Installing: /home/arrgusr/ROS2Dev/movil_robot_ws/install/my_robot_bringup/share/ament_index/resource_index/packages/my_robot_bringup
[1.673s] -- Installing: /home/arrgusr/ROS2Dev/movil_robot_ws/install/my_robot_bringup/share/my_robot_bringup/cmake/my_robot_bringupConfig.cmake
[1.673s] -- Installing: /home/arrgusr/ROS2Dev/movil_robot_ws/install/my_robot_bringup/share/my_robot_bringup/cmake/my_robot_bringupConfig-version.cmake
[1.673s] -- Installing: /home/arrgusr/ROS2Dev/movil_robot_ws/install/my_robot_bringup/share/my_robot_bringup/package.xml
[1.675s] Invoked command in '/home/arrgusr/ROS2Dev/movil_robot_ws/build/my_robot_bringup' returned '0': CMAKE_PREFIX_PATH=${CMAKE_PREFIX_PATH}:/opt/ros/jazzy DEBUGINFOD_URLS=https://debuginfod.ubuntu.com /usr/bin/cmake --install /home/arrgusr/ROS2Dev/movil_robot_ws/build/my_robot_bringup
